<?xml version="1.0" encoding="UTF-8"?>
<!-- Generated by org.testng.reporters.JUnitXMLReporter -->
<testsuite hostname="IN5CG840558Z" ignored="0" name="Test" tests="3" failures="0" timestamp="18 Mar 2020 10:09:19 GMT" time="45.484" errors="0">
  <testcase name="TC01" time="22.316" classname="com.google.pages.GoogleSearchTC1"/>
  <testcase name="TC01" time="25.178" classname="com.google.pages.GoogleSearchTC2"/>
  <testcase name="TC01" time="23.124" classname="com.google.pages.GoogleSearchTC3"/>
</testsuite> <!-- Test -->
