<?xml version="1.0" encoding="UTF-8"?>
<testng-results skipped="0" failed="0" ignored="0" total="2" passed="2">
  <reporter-output>
  </reporter-output>
  <suite name="Suite" duration-ms="26779" started-at="2020-03-18T12:04:32Z" finished-at="2020-03-18T12:04:59Z">
    <groups>
    </groups>
    <test name="Chrome" duration-ms="22930" started-at="2020-03-18T12:04:32Z" finished-at="2020-03-18T12:04:55Z">
      <class name="com.google.tests.GoogleSearchTC1">
        <test-method status="PASS" signature="setup(java.lang.String)[pri:0, instance:com.google.tests.GoogleSearchTC1@62ee68d8]" name="setup" is-config="true" duration-ms="4869" started-at="2020-03-18T17:34:32Z" finished-at="2020-03-18T17:34:37Z">
          <params>
            <param index="0">
              <value>
                <![CDATA[Chrome]]>
              </value>
            </param>
          </params>
          <reporter-output>
          </reporter-output>
        </test-method> <!-- setup -->
        <test-method status="PASS" signature="TC01()[pri:0, instance:com.google.tests.GoogleSearchTC1@62ee68d8]" name="TC01" duration-ms="18021" started-at="2020-03-18T17:34:37Z" finished-at="2020-03-18T17:34:55Z">
          <reporter-output>
          </reporter-output>
        </test-method> <!-- TC01 -->
      </class> <!-- com.google.tests.GoogleSearchTC1 -->
    </test> <!-- Chrome -->
    <test name="Firefox" duration-ms="26779" started-at="2020-03-18T12:04:32Z" finished-at="2020-03-18T12:04:59Z">
      <class name="com.google.tests.GoogleSearchTC1">
        <test-method status="PASS" signature="setup(java.lang.String)[pri:0, instance:com.google.tests.GoogleSearchTC1@4678c730]" name="setup" is-config="true" duration-ms="8353" started-at="2020-03-18T17:34:32Z" finished-at="2020-03-18T17:34:40Z">
          <params>
            <param index="0">
              <value>
                <![CDATA[firefox]]>
              </value>
            </param>
          </params>
          <reporter-output>
          </reporter-output>
        </test-method> <!-- setup -->
        <test-method status="PASS" signature="TC01()[pri:0, instance:com.google.tests.GoogleSearchTC1@4678c730]" name="TC01" duration-ms="18418" started-at="2020-03-18T17:34:40Z" finished-at="2020-03-18T17:34:59Z">
          <reporter-output>
          </reporter-output>
        </test-method> <!-- TC01 -->
      </class> <!-- com.google.tests.GoogleSearchTC1 -->
    </test> <!-- Firefox -->
  </suite> <!-- Suite -->
</testng-results>
